🚀 Starting Garmin activities migration...
📊 Tables in garmin_activities.db: ['_attributes', 'activities', 'activities_devices', 'activity_laps', 'activity_splits', 'activity_records', 'steps_activities', 'paddle_activities', 'cycle_activities', 'climbing_activities']

🏃 Activities table has 49 columns:
  • activity_id (VARCHAR)
  • name (VARCHAR)
  • description (VARCHAR)
  • type (VARCHAR)
  • course_id (INTEGER)
  • laps (INTEGER)
  • sport (VARCHAR)
  • sub_sport (VARCHAR)
  • device_serial_number (INTEGER)
  • self_eval_feel (VARCHAR)
  • self_eval_effort (VARCHAR)
  • training_load (FLOAT)
  • training_effect (FLOAT)
  • anaerobic_training_effect (FLOAT)
  • start_time (DATETIME)
  • stop_time (DATETIME)
  • elapsed_time (TIME)
  • moving_time (TIME)
  • distance (FLOAT)
  • cycles (FLOAT)
  • avg_hr (INTEGER)
  • max_hr (INTEGER)
  • avg_rr (FLOAT)
  • max_rr (FLOAT)
  • calories (INTEGER)
  • avg_cadence (INTEGER)
  • max_cadence (INTEGER)
  • avg_speed (FLOAT)
  • max_speed (FLOAT)
  • ascent (FLOAT)
  • descent (FLOAT)
  • max_temperature (FLOAT)
  • min_temperature (FLOAT)
  • avg_temperature (FLOAT)
  • start_lat (FLOAT)
  • start_long (FLOAT)
  • stop_lat (FLOAT)
  • stop_long (FLOAT)
  • hr_zones_method (VARCHAR(18))
  • hrz_1_hr (INTEGER)
  • hrz_2_hr (INTEGER)
  • hrz_3_hr (INTEGER)
  • hrz_4_hr (INTEGER)
  • hrz_5_hr (INTEGER)
  • hrz_1_time (TIME)
  • hrz_2_time (TIME)
  • hrz_3_time (TIME)
  • hrz_4_time (TIME)
  • hrz_5_time (TIME)

📈 Total activities in database: 1025

🏃 Activity types found:
  • walking / generic
  • running / trail
  • running / generic
  • cycling / road
  • hiking / generic
  • fitness_equipment / strength_training
  • swimming / lap_swimming
  • running / treadmill
  • generic / generic
  • floor_climbing / generic

📅 Date range: 2024-10-11 09:09:24.000000 to 2025-08-05 15:11:53.000000
🔧 Creating/verifying garmin_activities table...
❌ Error creating table: column "sport" does not exist

